C51 COMPILER V9.01   DOUBLE5AND10                                                          07/03/2021 14:48:23 PAGE 1   


C51 COMPILER V9.01, COMPILATION OF MODULE DOUBLE5AND10
OBJECT MODULE PLACED IN double5and10.OBJ
COMPILER INVOKED BY: C:\Keil\C51\BIN\C51.EXE double5and10.c BROWSE DEBUG OBJECTEXTEND

line level    source

   1          #include  "STC15F2K60S2.H"
   2          #include  "intrins.h"
   3          unsigned int aa;                                                                                                                                                                                                                                                                                                                                                                                                                                                                                                                                                                                                                                                                                                                                                
             -                                                                                                                                                                                                                                                                                                                                                                                                                                                                                                                                                                                                                                                                                                                                                                                                                                                                                                                                        #includ
             -e "intrins.h"
*** ERROR C141 IN LINE 3 OF DOUBLE5AND10.C: syntax error near '#'
   4          sbit  a=P1^0;
*** ERROR C129 IN LINE 4 OF DOUBLE5AND10.C: missing ';' before '<string>'
   5          sbit  e=P1^4;
   6          sbit  c=P5^4;
   7          sbit  b=P1^1;
   8          sbit  d=P5^5;
   9          
  10          void Delay5000ms()              //@11.0592MHz
  11          {
  12                  unsigned char i, j, k;
  13          
  14                  _nop_();
  15                  _nop_();
  16                  i = 211;
  17                  j = 30;
  18                  k = 11;
  19                  do
  20                  {
  21                          do
  22                          {
  23                                  while (--k);
  24                          } while (--j);
  25                  } while (--i);
  26          }
  27          
  28          void Timer0Init()               //10微秒@11.0592MHz
  29          {       EA=1;
  30              ET0=1;
  31                  AUXR |= 0x80;           //定时器时钟1T模式
  32                  TMOD &= 0xF0;           //设置定时器模式
  33                  TL0 = 0x91;             //设置定时初值
  34                  TH0 = 0xFF;             //设置定时初值
  35                  TF0 = 0;                //清除TF0标志
  36                  TR0 = 1;                //定时器0开始计时
  37          }
  38          
  39           
  40          
  41          
  42          void main(  )
  43          {e=0;
  44          a=1;
  45          b=1;
  46          Timer0Init();
  47            while(1)
  48                  {
  49          //      if(a==0)
  50          //      {       c=0;
  51          //          Delay5000ms();
C51 COMPILER V9.01   DOUBLE5AND10                                                          07/03/2021 14:48:23 PAGE 2   

  52          //          c=1;
  53          //
  54          //      }
  55          //      if(b==0)
  56          //      { 
  57          //          d=0;
  58          //          Delay5000ms();
  59          //          Delay5000ms();
  60          //          d=1;
  61          //      }
  62                  }         
  63          }
  64          
  65          
  66          void avjvja()interrupt 1
  67          {
  68          TL0 = 0x91;             //设置定时初值
  69          TH0 = 0xFF;             //设置定时初值
  70          aa++;
  71          if(aa>1000)
  72                  {aa=0;}
  73           if(aa<10)
  74           {c=0; }
  75           else
  76            {c=1;}}

C51 COMPILATION COMPLETE.  0 WARNING(S),  2 ERROR(S)
