C51 COMPILER V9.01   IIC                                                                   07/24/2024 15:13:50 PAGE 1   


C51 COMPILER V9.01, COMPILATION OF MODULE IIC
OBJECT MODULE PLACED IN IIC.OBJ
COMPILER INVOKED BY: C:\Keil\C51\BIN\C51.EXE IIC.c BROWSE DEBUG OBJECTEXTEND

line level    source

   1          
   2          #define SCL3    P25                             // Serial Clock Input
   3          #define SDA3    P24                             // Serial Data Input
   4          void I2C_3(Uchar mcmd)
*** ERROR C141 IN LINE 4 OF IIC.C: syntax error near 'mcmd', expected ')'
   5          {
   6   1      Uchar length = 8;                       // Send Command
*** ERROR C141 IN LINE 6 OF IIC.C: syntax error near 'length'
*** ERROR C202 IN LINE 6 OF IIC.C: 'length': undefined identifier
   7   1      
   8   1              while(length--)
*** ERROR C202 IN LINE 8 OF IIC.C: 'length': undefined identifier
   9   1              {
  10   2                      if(mcmd & 0x80)
*** ERROR C202 IN LINE 10 OF IIC.C: 'mcmd': undefined identifier
  11   2                      {
  12   3                              SDA3=1;
*** ERROR C202 IN LINE 12 OF IIC.C: 'P24': undefined identifier
  13   3                      }
  14   2                      else
  15   2                      {
  16   3                              SDA3=0;
*** ERROR C202 IN LINE 16 OF IIC.C: 'P24': undefined identifier
  17   3                      }
  18   2                      uDelay(2);
  19   2                      SCL3=1;
  20   2                      uDelay(2);
  21   2                      SCL3=0;
  22   2                      uDelay(2);
  23   2                      mcmd = mcmd << 1;
  24   2              }
  25   1      }
  26          
  27          
  28          void I2C_Ack3()
  29          {
  30   1              SDA3=1;
  31   1              uDelay(2);
  32   1              SCL3=1;
  33   1              uDelay(2);
  34   1              SCL3=0;
  35   1              uDelay(2);
  36   1      }
  37          
  38          
  39          //void I2C_NAck3()
  40          //{
  41          //      SDA3=0;
  42          //      uDelay(3);
  43          //      SCL3=1;
  44          //      uDelay(3);
  45          //      SCL3=0;
  46          //      uDelay(3);
  47          //}
  48          
C51 COMPILER V9.01   IIC                                                                   07/24/2024 15:13:50 PAGE 2   

  49          
  50          void I2C_Start3()
  51          {
  52   1              SDA3=0;
  53   1              uDelay(2);
  54   1              SCL3=1;
  55   1              uDelay(2);
  56   1              SCL3=0;
  57   1              uDelay(2);
  58   1              I2C_3(0x78);
  59   1              I2C_Ack3();
  60   1      }
  61          
  62          
  63          void I2C_Stop3()
  64          {
  65   1              SCL3=1;
  66   1              uDelay(5);
  67   1              SDA3=0;
  68   1              uDelay(5);
  69   1              SDA3=1;
  70   1              uDelay(5);
  71   1      }
  72          
  73          
  74          void Write_Command3(Uchar Data)
  75          {
  76   1              I2C_Start3();
  77   1              I2C_3(0x00);
  78   1              I2C_Ack3();
  79   1              I2C_3(Data);
  80   1              I2C_Ack3();
  81   1              I2C_Stop3();
  82   1      }
  83          
  84          
  85          void Write_Data3(Uchar Data)
  86          {
  87   1              I2C_Start3();
  88   1              I2C_3(0x40);
  89   1              I2C_Ack3();
  90   1              I2C_3(Data);
  91   1              I2C_Ack3();
  92   1              I2C_Stop3();
  93   1      }
  94          //-=-=-=-=-=-=-=-=-=-=-=-=-=-=-=-=-=-=-=-=-=-=-=-=-=-=-=-=-=-=-=-=-=-=-=
  95          
  96          void    LCD_Init3(void)
  97          {
  98   1      
  99   1      //uDelay(2);
 100   1      
 101   1      //internal setting
 102   1      
 103   1      
 104   1      Write_Command3(0xae);   //--turn off oled panel
 105   1      
 106   1      Write_Command3(0x00);   //--set low column address
 107   1      Write_Command3(0x10);   //--set high column address
 108   1      
 109   1      Write_Command3(0x40);   //--set start line address
 110   1      
C51 COMPILER V9.01   IIC                                                                   07/24/2024 15:13:50 PAGE 3   

 111   1      Write_Command3(0xb0);   //--set page address
 112   1      
 113   1      Write_Command3(0x81);   //--set contrast control register
 114   1      Write_Command3(0xff);
 115   1      
 116   1      Write_Command3(0xa1);   //--set segment re-map 127 to 0   a0:0 to seg127
 117   1      Write_Command3(0xa6);   //--set normal display
 118   1      
 119   1      Write_Command3(0xc9);   //--set com(N-1)to com0  c0:com0 to com(N-1)
 120   1      
 121   1      Write_Command3(0xa8);   //--set multiples ratio(1to64)
 122   1      Write_Command3(0x3f);   //--1/64 duty
 123   1      
 124   1      Write_Command3(0xd3);   //--set display offset
 125   1      Write_Command3(0x00);   //--not offset
 126   1      
 127   1      Write_Command3(0xd5);   //--set display clock divide ratio/oscillator frequency
 128   1      Write_Command3(0x80);   //--set divide ratio
 129   1      
 130   1      Write_Command3(0xd9);   //--set pre-charge period
 131   1      Write_Command3(0xf1);
 132   1      
 133   1      Write_Command3(0xda);   //--set com pins hardware configuration
 134   1      Write_Command3(0x12);
 135   1      
 136   1      Write_Command3(0xdb);   //--set vcomh
 137   1      Write_Command3(0x40);
 138   1      
 139   1      Write_Command3(0x8d);   //--set chare pump enable/disable
 140   1      Write_Command3(0x14);   //--set(0x10) disable
 141   1      //Write_Command3(0x10); //--set(0x10) disable
 142   1      Write_Command3(0xaf);   //--turn on oled panel
 143   1      //-=-=-=-=-=-=-=-=-=-=-=-=-=-=-=-=-=-=-=-=-=-=-=-=-=-=-=-=-=-=-=-=-=-=-=void    LCD_Init(void)
 144   1      }

C51 COMPILATION COMPLETE.  0 WARNING(S),  7 ERROR(S)
