C51 COMPILER V9.01   SHAZHIBIREN                                                           04/30/2022 14:31:42 PAGE 1   


C51 COMPILER V9.01, COMPILATION OF MODULE SHAZHIBIREN
OBJECT MODULE PLACED IN shazhibiren.OBJ
COMPILER INVOKED BY: C:\Keil\C51\BIN\C51.EXE shazhibiren.c BROWSE DEBUG OBJECTEXTEND

line level    source

   1          #include <STC12C2052AD.H>
   2          #include "intrins.h"
   3          sbit  a=P3^2;
   4          sbit  b=P3^3;
   5          sbit  c=P3^4;
   6          sbit  d=P3^5;
   7          sbit  K=P3^0;
   8          sbit  f=P1^7;
   9          sbit  g=P1^6;
  10          sbit  h=P1^5;
  11          void Delay250ms(unsigned char n)                //@12.000MHz
  12          {       
  13   1      while(n--) 
  14   1      {       unsigned char i, j, k;
  15   2      
  16   2              _nop_();
  17   2              _nop_();
  18   2              i = 12;
  19   2              j = 103;
  20   2              k = 57;
  21   2              do
  22   2              {
  23   3                      do
  24   3                      {
  25   4                              while (--k);
  26   4                      } while (--j);
  27   3              } while (--i);
  28   2      }
  29   1       }
  30          
  31          void Delay300ms()               //@12.000MHz
  32          {
  33   1              unsigned char i, j, k;
  34   1      
  35   1              i = 14;
  36   1              j = 174;
  37   1              k = 224;
  38   1              do
  39   1              {
  40   2                      do
  41   2                      {
  42   3                              while (--k);
  43   3                      } while (--j);
  44   2              } while (--i);
  45   1      }
  46          
  47          
  48          void Delay30ms()                //@11.0592MHz
  49          {
  50   1              unsigned char i, j, k;
  51   1      
  52   1              _nop_();
  53   1              _nop_();
  54   1              i = 2;
  55   1              j = 67;
C51 COMPILER V9.01   SHAZHIBIREN                                                           04/30/2022 14:31:42 PAGE 2   

  56   1              k = 183;
  57   1              do
  58   1              {
  59   2                      do
  60   2                      {
  61   3                              while (--k);
  62   3                      } while (--j);
  63   2              } while (--i);
  64   1      }
  65          
  66          void Delay40ms()                //@11.0592MHz
  67          {
  68   1              unsigned char i, j, k;
  69   1      
  70   1              _nop_();
  71   1              _nop_();
  72   1              i = 2;
  73   1              j = 175;
  74   1              k = 75;
  75   1              do
  76   1              {
  77   2                      do
  78   2                      {
  79   3                              while (--k);
  80   3                      } while (--j);
  81   2              } while (--i);
  82   1      }
  83          
  84          void ting()
  85          {a=1;
  86   1      b=1;
  87   1      c=1;
  88   1      d=1;
  89   1      }
  90          void  qian()
  91          {a=0;
  92   1      b=1;
  93   1      c=0;
  94   1      d=1;
  95   1      }
  96          void zuo()
  97          {a=1;
  98   1      b=0;
  99   1      c=0;
 100   1      d=1;
 101   1      }
 102          void you()
 103          {a=0;
 104   1      b=1;
 105   1      c=1;
 106   1      d=0;
 107   1      }
 108          void hou()
 109          {a=1;
 110   1      b=0;
 111   1      c=1;
 112   1      d=0;
 113   1      }
 114          void qianbi()
 115           {if(f==0)
 116   1       {hou();
 117   2       Delay250ms(2);
C51 COMPILER V9.01   SHAZHIBIREN                                                           04/30/2022 14:31:42 PAGE 3   

 118   2        you();
 119   2        Delay250ms(1);
 120   2        }
 121   1         }
 122          void zhu()
 123          {
 124   1      qian();
 125   1      if (h==1)
 126   1              {
 127   2              zuo();
 128   2              }
 129   1      if      (g==1)
 130   1              {
 131   2              you();
 132   2              }
 133   1      }
 134          //void main ()
 135          //{e=1;
 136          //
 137          ////while(e==0)
 138          ////{ting();
 139          ////Delay250ms(2);
 140          ////qian();
 141          ////Delay250ms(2);
 142          ////ting();
 143          ////Delay250ms(2);
 144          ////qian();
 145          ////Delay250ms(2);
 146          ////ting();
 147          ////Delay250ms(2);
 148          ////qian();
 149          ////Delay250ms(2);
 150          ////ting();
 151          ////Delay250ms(2);
 152          ////qian();
 153          ////Delay250ms(2);
 154          ////ting();
 155          ////Delay250ms(1);
 156          ////zuo();
 157          ////Delay250ms(6);
 158          ////ting();
 159          ////Delay250ms(1);
 160          ////you();
 161          ////Delay250ms(6);
 162          ////ting();
 163          ////Delay250ms(1);
 164          ////hou();
 165          ////Delay250ms(2);
 166          ////ting();
 167          ////Delay250ms(1);
 168          ////hou();
 169          ////Delay250ms(2);
 170          ////ting();
 171          ////Delay250ms(2);
 172          ////hou();
 173          ////Delay250ms(2);
 174          ////ting();
 175          ////Delay250ms(2);
 176          ////hou();
 177          ////Delay250ms(2);
 178          ////ting();
 179          ////Delay250ms(2);
C51 COMPILER V9.01   SHAZHIBIREN                                                           04/30/2022 14:31:42 PAGE 4   

 180          ////
 181          ////
 182          ////}
 183          ////
 184          ////}
 185          void Delay500ms()               //@11.0592MHz
 186          {
 187   1              unsigned char i, j, k;
 188   1      
 189   1              _nop_();
 190   1              _nop_();
 191   1              i = 22;
 192   1              j = 3;
 193   1              k = 227;
 194   1              do
 195   1              {
 196   2                      do
 197   2                      {
 198   3                              while (--k);
 199   3                      } while (--j);
 200   2              } while (--i);
 201   1      }
 202          
 203          
 204          
 205          void main ()
 206          {
 207   1      k=1;
*** ERROR C202 IN LINE 207 OF SHAZHIBIREN.C: 'k': undefined identifier
 208   1      while(k==0)
*** ERROR C202 IN LINE 208 OF SHAZHIBIREN.C: 'k': undefined identifier
 209   1              {
 210   2              Delay500ms();
 211   2              while(k==1)
*** ERROR C202 IN LINE 211 OF SHAZHIBIREN.C: 'k': undefined identifier
 212   2                      {
 213   3                      zhu();
 214   3                      }
 215   2              ting();
 216   2              Delay500ms();
 217   2              }
 218   1      }
 219          

C51 COMPILATION COMPLETE.  0 WARNING(S),  3 ERROR(S)
