C51 COMPILER V9.01   TWO                                                                   07/15/2021 15:12:39 PAGE 1   


C51 COMPILER V9.01, COMPILATION OF MODULE TWO
OBJECT MODULE PLACED IN two.OBJ
COMPILER INVOKED BY: C:\Keil\C51\BIN\C51.EXE two.c BROWSE DEBUG OBJECTEXTEND

line level    source

   1          #include <STC15F2K60S2.H>
   2          #include  "intrins.h"                                                                                                                                                                                                                                                                                                                                                                                                                                                                                                                                                                                                                                                                                           
             -                                                                                                                                                                                                                                                                                                                                                                                                                                                                                                                                                                                                                                                                                                                                                                                                                                                                                                                                                                                #i
             -nclude "intrins.h"
   3          unsigned char aa;
   4          unsigned char bb;
   5          sbit  c=P5^5;
   6          sbit  a=P1^4;
   7          sbit  b=P1^1;
   8          sbit  d=P1^0;
   9          sbit  e=P1^2;
  10          sbit  f=P1^3;
  11           
  12          
  13          
  14          
  15          
  16          
  17          
  18          void Timer0Init(void)           //100微秒@11.0592MHz
  19          {       EA=1;
  20   1          ET0=1;
  21   1              AUXR |= 0x80;           //定时器时钟1T模式
  22   1              TMOD &= 0xF0;           //设置定时器模式
  23   1              TL0 = 0xAE;             //设置定时初值
  24   1              TH0 = 0xFB;             //设置定时初值
  25   1              TF0 = 0;                //清除TF0标志
  26   1              TR0 = 1;                //定时器0开始计时
  27   1      }
  28          
  29           
  30          
  31          
  32          
  33           
  34           void main ()
  35          {a=0;
  36   1      Timer0Init( );
  37   1       while(1)
  38   1       {if(d==0)
  39   2       {bb=20;}
  40   2       if(b==0)
  41   2       {bb=40;}
  42   2       if(e==0)
  43   2       {bb=60;}
  44   2       if(f==0)
  45   2       {bb=80;} 
  46   2        }
  47   1      
  48   1      
  49   1      
  50   1      
  51   1      
  52   1      
  53   1      
C51 COMPILER V9.01   TWO                                                                   07/15/2021 15:12:39 PAGE 2   

  54   1      }
  55          
  56          
  57          void qq () interrupt 1
  58          {       TL0 = 0xAE;             //设置定时初值
  59   1              TH0 = 0xFB;             //设置定时初值
  60   1         if(aa>bb)
  61   1         {c=0;}
  62   1         else
  63   1         {c=1;}
  64   1          if(aa==100)
  65   1         {aa=0;}
  66   1          aa++;
  67   1      
  68   1      
  69   1      
  70   1      }
  71          
  72          
  73          


MODULE INFORMATION:   STATIC OVERLAYABLE
   CODE SIZE        =     90    ----
   CONSTANT SIZE    =   ----    ----
   XDATA SIZE       =   ----    ----
   PDATA SIZE       =   ----    ----
   DATA SIZE        =      2    ----
   IDATA SIZE       =   ----    ----
   BIT SIZE         =   ----    ----
END OF MODULE INFORMATION.


C51 COMPILATION COMPLETE.  0 WARNING(S),  0 ERROR(S)
