C51 COMPILER V9.01   HH                                                                    04/17/2021 16:15:13 PAGE 1   


C51 COMPILER V9.01, COMPILATION OF MODULE HH
OBJECT MODULE PLACED IN hh.OBJ
COMPILER INVOKED BY: C:\Keil\C51\BIN\C51.EXE hh.c BROWSE DEBUG OBJECTEXTEND

line level    source

   1          #include "STC15W408AS.h"
   2          #include "intrins.h"
   3          
   4          sbit  a=P1^0;
   5          sbit  b=P1^4;
   6          sbit  c=P5^4;                   
   7            void Delay5ms()               //@12.000MHz
   8          {
   9   1              unsigned char i, j;
  10   1      
  11   1              i = 59;
  12   1              j = 90;
  13   1              do
  14   1              {
  15   2                      while (--j);
  16   2              } while (--i);
  17   1      }
  18          
  19          void main()
  20          {  a=1;
  21   1      b=0;
  22   1      c=1;
  23   1          while(1)
  24   1         {
  25   2         
  26   2         while(a==0)
  27   2        {Delay5ms();
  28   3         while(a==0);
  29   3         c=~c;
  30   3         while(a==0); 
  31   3                              
  32   3      
  33   3        
  34   3        }
  35   2               
  36   2               
  37   2               
  38   2       }
  39   1       
  40   1       
  41   1      
  42   1      }


MODULE INFORMATION:   STATIC OVERLAYABLE
   CODE SIZE        =     31    ----
   CONSTANT SIZE    =   ----    ----
   XDATA SIZE       =   ----    ----
   PDATA SIZE       =   ----    ----
   DATA SIZE        =   ----    ----
   IDATA SIZE       =   ----    ----
   BIT SIZE         =   ----    ----
END OF MODULE INFORMATION.


C51 COMPILATION COMPLETE.  0 WARNING(S),  0 ERROR(S)
