C51 COMPILER V9.01   595                                                                   10/22/2022 16:03:49 PAGE 1   


C51 COMPILER V9.01, COMPILATION OF MODULE 595
OBJECT MODULE PLACED IN 595.OBJ
COMPILER INVOKED BY: C:\Keil\C51\BIN\C51.EXE 595.c BROWSE DEBUG OBJECTEXTEND

line level    source

   1          #include <STC8G.H>
   2          #include "intrins.h"
   3          #define U8 unsigned char 
   4          sbit DS=P3^3;
   5          sbit SH=P3^2;
   6          sbit ST=P5^4;
   7          void Delay100ms()               //@33.1776MHz
   8          {
   9   1              unsigned char i, j, k;
  10   1      
  11   1              _nop_();
  12   1              _nop_();
  13   1              i = 13;
  14   1              j = 156;
  15   1              k = 83;
  16   1              do
  17   1              {
  18   2                      do
  19   2                      {
  20   3                              while (--k);
  21   3                      } while (--j);
  22   2              } while (--i);
  23   1      }
  24          
  25          void main()
  26          {P3M0=0;P3M1=0;
  27   1       P5M0=0;P5M1=0;
  28   1       while(1)
  29   1       {DS=0;SH=0;SH=1;
  30   2        DS=1;SH=0;SH=1;
  31   2        DS=1;SH=0;SH=1;
  32   2        DS=1;SH=0;SH=1;
  33   2        DS=1;SH=0;SH=1;
  34   2        DS=1;SH=0;SH=1;
  35   2        DS=1;SH=0;SH=1;
  36   2        DS=1;SH=0;SH=1;
  37   2        ST=1;ST=1;
  38   2        Delay100ms();
  39   2        DS=1;SH=0;SH=1;
  40   2        DS=0;SH=0;SH=1;
  41   2        DS=1;SH=0;SH=1;
  42   2        DS=1;SH=0;SH=1;
  43   2        DS=1;SH=0;SH=1;
  44   2        DS=1;SH=0;SH=1;
  45   2        DS=1;SH=0;SH=1;
  46   2        DS=1;SH=0;SH=1;
  47   2        ST=1;ST=1;
  48   2        Delay100ms();
  49   2        DS=1;SH=0;SH=1;
  50   2        DS=1;SH=0;SH=1;
  51   2        DS=0;SH=0;SH=1;
  52   2        DS=1;SH=0;SH=1;
  53   2        DS=1;SH=0;SH=1;
  54   2        DS=1;SH=0;SH=1;
  55   2        DS=1;SH=0;SH=1;
C51 COMPILER V9.01   595                                                                   10/22/2022 16:03:49 PAGE 2   

  56   2        DS=1;SH=0;SH=1;
  57   2        ST=1;ST=1;
  58   2        Delay100ms();
  59   2        DS=1;SH=0;SH=1;
  60   2        DS=1;SH=0;SH=1;
  61   2        DS=1;SH=0;SH=1;
  62   2        DS=0;SH=0;SH=1;
  63   2        DS=1;SH=0;SH=1;
  64   2        DS=1;SH=0;SH=1;
  65   2        DS=1;SH=0;SH=1;
  66   2        DS=1;SH=0;SH=1;
  67   2        ST=1;ST=1;
  68   2        Delay100ms();
  69   2        DS=1;SH=0;SH=1;
  70   2        DS=1;SH=0;SH=1;
  71   2        DS=1;SH=0;SH=1;
  72   2        DS=1;SH=0;SH=1;
  73   2        DS=0;SH=0;SH=1;
  74   2        DS=1;SH=0;SH=1;
  75   2        DS=1;SH=0;SH=1;
  76   2        DS=1;SH=0;SH=1;
  77   2        ST=1;ST=1;
  78   2        Delay100ms();
  79   2        DS=1;SH=0;SH=1;
  80   2        DS=1;SH=0;SH=1;
  81   2        DS=1;SH=0;SH=1;
  82   2        DS=1;SH=0;SH=1;
  83   2        DS=1;SH=0;SH=1;
  84   2        DS=0;SH=0;SH=1;
  85   2        DS=1;SH=0;SH=1;
  86   2        DS=1;SH=0;SH=1;
  87   2        ST=1;ST=1;
  88   2        Delay100ms();
  89   2        DS=1;SH=0;SH=1;
  90   2        DS=1;SH=0;SH=1;
  91   2        DS=1;SH=0;SH=1;
  92   2        DS=1;SH=0;SH=1;
  93   2        DS=1;SH=0;SH=1;
  94   2        DS=1;SH=0;SH=1;
  95   2        DS=0;SH=0;SH=1;
  96   2        DS=1;SH=0;SH=1;
  97   2        ST=1;ST=1;
  98   2        Delay100ms();
  99   2        DS=1;SH=0;SH=1;
 100   2        DS=1;SH=0;SH=1;
 101   2        DS=1;SH=0;SH=1;
 102   2        DS=1;SH=0;SH=1;
 103   2        DS=1;SH=0;SH=1;
 104   2        DS=1;SH=0;SH=1;
 105   2        DS=1;SH=0;SH=1;
 106   2        DS=0;SH=0;SH=1;
 107   2        ST=1;ST=1;
 108   2        Delay100ms(); 
 109   2       }
 110   1       
 111   1      }


MODULE INFORMATION:   STATIC OVERLAYABLE
   CODE SIZE        =    285    ----
   CONSTANT SIZE    =   ----    ----
   XDATA SIZE       =   ----    ----
C51 COMPILER V9.01   595                                                                   10/22/2022 16:03:49 PAGE 3   

   PDATA SIZE       =   ----    ----
   DATA SIZE        =   ----    ----
   IDATA SIZE       =   ----    ----
   BIT SIZE         =   ----    ----
END OF MODULE INFORMATION.


C51 COMPILATION COMPLETE.  0 WARNING(S),  0 ERROR(S)
