C51 COMPILER V9.01   JIANPAN                                                               04/10/2021 15:25:37 PAGE 1   


C51 COMPILER V9.01, COMPILATION OF MODULE JIANPAN
OBJECT MODULE PLACED IN jianpan.OBJ
COMPILER INVOKED BY: C:\Keil\C51\BIN\C51.EXE jianpan.c BROWSE DEBUG OBJECTEXTEND

line level    source

   1          #include "STC15W408AS.h"
   2          #include "intrins.h"
   3          
   4          sbit  a=P1^0;
   5          sbit  b=P1^4;
   6          sbit  c=P5^4;
   7          
   8          void main()
   9          { a=1;
  10   1        b=0;
  11   1      if(a==0)  
  12   1      {c=0;
  13   2      
  14   2      
  15   2      
  16   2      
  17   2      
  18   2      
  19   2      
  20   2        }
  21   1      
  22   1      
  23   1      }


MODULE INFORMATION:   STATIC OVERLAYABLE
   CODE SIZE        =     10    ----
   CONSTANT SIZE    =   ----    ----
   XDATA SIZE       =   ----    ----
   PDATA SIZE       =   ----    ----
   DATA SIZE        =   ----    ----
   IDATA SIZE       =   ----    ----
   BIT SIZE         =   ----    ----
END OF MODULE INFORMATION.


C51 COMPILATION COMPLETE.  0 WARNING(S),  0 ERROR(S)
