C51 COMPILER V9.01   XIAOCHE                                                               01/01/2022 15:05:12 PAGE 1   


C51 COMPILER V9.01, COMPILATION OF MODULE XIAOCHE
OBJECT MODULE PLACED IN xiaoche.OBJ
COMPILER INVOKED BY: C:\Keil\C51\BIN\C51.EXE xiaoche.c BROWSE DEBUG OBJECTEXTEND

line level    source

   1          #include <STC15F2K60S2.H>
   2          #include  "intrins.h" 
   3          sbit ha=P1^0;
   4          sbit wa=P1^1;
   5          sbit hb=P1^2;
   6          sbit wb=P1^3;
   7          void Delay500ms()               //@11.0592MHz
   8          {
   9   1              unsigned char i, j, k;
  10   1      
  11   1              _nop_();
  12   1              _nop_();
  13   1              i = 22;
  14   1              j = 3;
  15   1              k = 227;
  16   1              do
  17   1              {
  18   2                      do
  19   2                      {
  20   3                              while (--k);
  21   3                      } while (--j);
  22   2              } while (--i);
  23   1      }
  24          void Delay1000ms()              //@11.0592MHz
  25          {
  26   1              unsigned char i, j, k;
  27   1      
  28   1              _nop_();
  29   1              _nop_();
  30   1              i = 43;
  31   1              j = 6;
  32   1              k = 203;
  33   1              do
  34   1              {
  35   2                      do
  36   2                      {
  37   3                              while (--k);
  38   3                      } while (--j);
  39   2              } while (--i);
  40   1      }
  41          
  42          void main()
  43          {ha=1;  
  44   1      wa=0;
  45   1      hb=1;
  46   1      wb=0;
  47   1      Delay1000ms();
  48   1      ha=0;  
  49   1      wa=0;
  50   1      hb=0;
  51   1      wb=0;
  52   1      Delay500ms(); 
  53   1      ha=0;  
  54   1      wa=1;
  55   1      hb=1;
C51 COMPILER V9.01   XIAOCHE                                                               01/01/2022 15:05:12 PAGE 2   

  56   1      wb=0;
  57   1      Delay1000ms();
  58   1      ha=0;  
  59   1      wa=0;
  60   1      hb=0;
  61   1      wb=0;
  62   1      Delay500ms(); 
  63   1      ha=0;   
  64   1      wa=1;
  65   1      hb=0;
  66   1      wb=1;
  67   1      Delay1000ms();
  68   1      ha=0;  
  69   1      wa=0;
  70   1      hb=0;
  71   1      wb=0;
  72   1      Delay500ms(); 
  73   1      ha=1;  
  74   1      wa=0;
  75   1      hb=0;
  76   1      wb=1;
  77   1      Delay1000ms();
  78   1      ha=0;  
  79   1      wa=0;
  80   1      hb=0;
  81   1      wb=0;
  82   1      Delay500ms();
  83   1      }       


MODULE INFORMATION:   STATIC OVERLAYABLE
   CODE SIZE        =     92    ----
   CONSTANT SIZE    =   ----    ----
   XDATA SIZE       =   ----    ----
   PDATA SIZE       =   ----    ----
   DATA SIZE        =   ----    ----
   IDATA SIZE       =   ----    ----
   BIT SIZE         =   ----    ----
END OF MODULE INFORMATION.


C51 COMPILATION COMPLETE.  0 WARNING(S),  0 ERROR(S)
