C51 COMPILER V9.01   ZHUANHUAN                                                             12/31/2023 10:25:51 PAGE 1   


C51 COMPILER V9.01, COMPILATION OF MODULE ZHUANHUAN
OBJECT MODULE PLACED IN zhuanhuan.OBJ
COMPILER INVOKED BY: C:\Keil\C51\BIN\C51.EXE zhuanhuan.c BROWSE DEBUG OBJECTEXTEND

line level    source

   1          #include <STC15F2K60S2.H>
   2          #include "intrins.h"
   3          sbit DS=P5^4;
   4          sbit SH=P3^3;
   5          sbit ST=P3^2;
   6          
   7          unsigned int i;
   8          unsigned char sz[10]={0XC0,0XF9,0XA4,0XB0,0X99,0X92,0X82,0XF8,0X80,0X90};
   9          unsigned int js;
  10          unsigned char a,b,c,d;
  11          
  12          
  13          void send(unsigned char DA)
  14          {                                       
  15   1       for(i=0;i<8;i++)
  16   1       {
  17   2        DS=DA&0X80;
  18   2        SH=0;SH=1;
  19   2        DA<<=1;
  20   2       }
  21   1      }
  22          
  23          void Delay1ms()         //@12.000MHz
  24          {
  25   1              unsigned char i, j;
  26   1      
  27   1              i = 12;
  28   1              j = 169;
  29   1              do
  30   1              {
  31   2                      while (--j);
  32   2              } while (--i);
  33   1      }
  34          
  35          
  36          void Delay10ms()                //@12.000MHz
  37          {
  38   1              unsigned char i, j;
  39   1      
  40   1              i = 117;
  41   1              j = 184;
  42   1              do
  43   1              {
  44   2                      while (--j);
  45   2              } while (--i);
  46   1      }
  47          
  48          void Delay1000ms()              //@12.000MHz
  49          {
  50   1              unsigned char i, j, k;
  51   1      
  52   1              _nop_();
  53   1              _nop_();
  54   1              i = 46;
  55   1              j = 153;
C51 COMPILER V9.01   ZHUANHUAN                                                             12/31/2023 10:25:51 PAGE 2   

  56   1              k = 245;
  57   1              do
  58   1              {
  59   2                      do
  60   2                      {
  61   3                              while (--k);
  62   3                      } while (--j);
  63   2              } while (--i);
  64   1      }
  65          
  66          
  67          void main()
  68          {
  69   1        js=0;
  70   1        while(1)
  71   1        {
  72   2         a=js%10;
  73   2         b=(js/10)%10;
  74   2         c=(js/100)%10;
  75   2         d=(js/1000)%10;
  76   2         send(sz[a]);   
  77   2         send(sz[b]);   
  78   2         send(sz[c]);   
  79   2         send(sz[d]);
  80   2         ST=0;ST=1;     
  81   2         js++;
  82   2         if(js>9999)
  83   2         {
  84   3              js=0;
  85   3         }
  86   2        Delay1000ms();
  87   2        }
  88   1      
  89   1      
  90   1      
  91   1      }


MODULE INFORMATION:   STATIC OVERLAYABLE
   CODE SIZE        =    212    ----
   CONSTANT SIZE    =   ----    ----
   XDATA SIZE       =   ----    ----
   PDATA SIZE       =   ----    ----
   DATA SIZE        =     18    ----
   IDATA SIZE       =   ----    ----
   BIT SIZE         =   ----    ----
END OF MODULE INFORMATION.


C51 COMPILATION COMPLETE.  0 WARNING(S),  0 ERROR(S)
