C51 COMPILER V9.01   AA                                                                    05/29/2021 14:58:13 PAGE 1   


C51 COMPILER V9.01, COMPILATION OF MODULE AA
OBJECT MODULE PLACED IN aa.OBJ
COMPILER INVOKED BY: C:\Keil\C51\BIN\C51.EXE aa.c DEBUG OBJECTEXTEND

line level    source

   1           #include <STC15F2K60S2.H>                                                                                                                                                                                                                                                                                                                                                                                                                                                                                                                                                                                                                                                              
             -                                                                                                                                                                                                                                                                                                                                                                                                                                                                                                                                                                                                                                                                                                                                                                                                                                                                                                                                                                                                
             -                        #include "intrins.h"
   2          sbit  a=P1^0;
   3          sbit  b=P1^4;
   4          sbit  c=P5^4;
   5          sbit  d=P1^1;
   6          
   7           
   8          void Delay5000ms()              //@11.0592MHz
   9          {
  10   1              unsigned char i, j, k;
  11   1      
  12   1              _nop_();
  13   1              _nop_();
  14   1              i = 211;
  15   1              j = 30;
  16   1              k = 11;
  17   1              do
  18   1              {
  19   2                      do
  20   2                      {
  21   3                              while (--k);
  22   3                      } while (--j);
  23   2              } while (--i);
  24   1      }
  25          
  26           
  27          
  28          
  29          void main(  )
  30          {b=0;
  31   1      a=1;
  32   1      while(a==0)
  33   1      {c=0;
  34   2      Delay5000ms();
  35   2      c=1;
  36   2      
  37   2      }
  38   1       while(d==0)
  39   1       {c=0;
  40   2      Delay5000ms();
  41   2      Delay5000ms();
  42   2       c=1;
  43   2       
  44   2       }
  45   1       }        
  46           


MODULE INFORMATION:   STATIC OVERLAYABLE
   CODE SIZE        =     47    ----
   CONSTANT SIZE    =   ----    ----
   XDATA SIZE       =   ----    ----
   PDATA SIZE       =   ----    ----
C51 COMPILER V9.01   AA                                                                    05/29/2021 14:58:13 PAGE 2   

   DATA SIZE        =   ----    ----
   IDATA SIZE       =   ----    ----
   BIT SIZE         =   ----    ----
END OF MODULE INFORMATION.


C51 COMPILATION COMPLETE.  0 WARNING(S),  0 ERROR(S)
